<?xml version="1.0" encoding="UTF-8"?>
<coverage generated="1642510977898" clover="3.2.0">
  <project timestamp="1642510977898" name="All files">
    <metrics statements="27" coveredstatements="24" conditionals="5" coveredconditionals="5" methods="5" coveredmethods="5" elements="37" coveredelements="34" complexity="0" loc="27" ncloc="27" packages="1" files="5" classes="5"/>
    <file name="addExpense.js" path="C:\Users\Urban\Desktop\Jest\modules\addExpense.js">
      <metrics statements="9" coveredstatements="6" conditionals="5" coveredconditionals="5" methods="1" coveredmethods="1"/>
      <line num="5" count="1" type="stmt"/>
      <line num="9" count="3" type="cond" truecount="2" falsecount="0"/>
      <line num="15" count="1" type="stmt"/>
      <line num="17" count="2" type="stmt"/>
      <line num="24" count="2" type="stmt"/>
      <line num="26" count="0" type="stmt"/>
      <line num="27" count="0" type="stmt"/>
      <line num="28" count="0" type="stmt"/>
      <line num="33" count="1" type="stmt"/>
    </file>
    <file name="addExpenseToDom.js" path="C:\Users\Urban\Desktop\Jest\modules\addExpenseToDom.js">
      <metrics statements="7" coveredstatements="7" conditionals="0" coveredconditionals="0" methods="1" coveredmethods="1"/>
      <line num="2" count="1" type="stmt"/>
      <line num="3" count="1" type="stmt"/>
      <line num="12" count="1" type="stmt"/>
      <line num="13" count="1" type="stmt"/>
      <line num="14" count="1" type="stmt"/>
      <line num="17" count="1" type="stmt"/>
      <line num="21" count="1" type="stmt"/>
    </file>
    <file name="budgetSet.js" path="C:\Users\Urban\Desktop\Jest\modules\budgetSet.js">
      <metrics statements="6" coveredstatements="6" conditionals="0" coveredconditionals="0" methods="1" coveredmethods="1"/>
      <line num="8" count="1" type="stmt"/>
      <line num="9" count="1" type="stmt"/>
      <line num="10" count="1" type="stmt"/>
      <line num="11" count="1" type="stmt"/>
      <line num="12" count="1" type="stmt"/>
      <line num="16" count="1" type="stmt"/>
    </file>
    <file name="idGenerator.js" path="C:\Users\Urban\Desktop\Jest\modules\idGenerator.js">
      <metrics statements="2" coveredstatements="2" conditionals="0" coveredconditionals="0" methods="1" coveredmethods="1"/>
      <line num="2" count="4" type="stmt"/>
      <line num="6" count="1" type="stmt"/>
    </file>
    <file name="resetBudget.js" path="C:\Users\Urban\Desktop\Jest\modules\resetBudget.js">
      <metrics statements="3" coveredstatements="3" conditionals="0" coveredconditionals="0" methods="1" coveredmethods="1"/>
      <line num="2" count="1" type="stmt"/>
      <line num="3" count="1" type="stmt"/>
      <line num="7" count="1" type="stmt"/>
    </file>
  </project>
</coverage>
