{"C:\\Users\\Urban\\Desktop\\Jest\\modules\\addExpense.js": {"path":"C:\\Users\\Urban\\Desktop\\Jest\\modules\\addExpense.js","statementMap":{"0":{"start":{"line":5,"column":28},"end":{"line":5,"column":52}},"1":{"start":{"line":9,"column":4},"end":{"line":29,"column":5}},"2":{"start":{"line":15,"column":6},"end":{"line":15,"column":38}},"3":{"start":{"line":17,"column":22},"end":{"line":22,"column":7}},"4":{"start":{"line":24,"column":6},"end":{"line":24,"column":32}},"5":{"start":{"line":26,"column":6},"end":{"line":26,"column":37}},"6":{"start":{"line":27,"column":6},"end":{"line":27,"column":23}},"7":{"start":{"line":28,"column":6},"end":{"line":28,"column":39}},"8":{"start":{"line":33,"column":2},"end":{"line":33,"column":34}}},"fnMap":{"0":{"name":"addExpense","decl":{"start":{"line":8,"column":13},"end":{"line":8,"column":23}},"loc":{"start":{"line":8,"column":100},"end":{"line":30,"column":3}},"line":8}},"branchMap":{"0":{"loc":{"start":{"line":9,"column":4},"end":{"line":29,"column":5}},"type":"if","locations":[{"start":{"line":9,"column":4},"end":{"line":29,"column":5}},{"start":{"line":16,"column":11},"end":{"line":29,"column":5}}],"line":9},"1":{"loc":{"start":{"line":11,"column":6},"end":{"line":13,"column":32}},"type":"binary-expr","locations":[{"start":{"line":11,"column":6},"end":{"line":11,"column":30}},{"start":{"line":12,"column":6},"end":{"line":12,"column":37}},{"start":{"line":13,"column":6},"end":{"line":13,"column":32}}],"line":11}},"s":{"0":1,"1":3,"2":1,"3":2,"4":2,"5":0,"6":0,"7":0,"8":1},"f":{"0":3},"b":{"0":[1,2],"1":[3,2,2]},"_coverageSchema":"1a1c01bbd47fc00a2c39e90264f33305004495a9","hash":"a6d4e734023f128c0402601929a8d4d0b6a5cf4c"}
,"C:\\Users\\Urban\\Desktop\\Jest\\modules\\addExpenseToDom.js": {"path":"C:\\Users\\Urban\\Desktop\\Jest\\modules\\addExpenseToDom.js","statementMap":{"0":{"start":{"line":2,"column":4},"end":{"line":15,"column":5}},"1":{"start":{"line":2,"column":17},"end":{"line":2,"column":18}},"2":{"start":{"line":3,"column":27},"end":{"line":11,"column":7}},"3":{"start":{"line":12,"column":2},"end":{"line":12,"column":28}},"4":{"start":{"line":13,"column":6},"end":{"line":13,"column":34}},"5":{"start":{"line":14,"column":6},"end":{"line":14,"column":30}},"6":{"start":{"line":17,"column":4},"end":{"line":17,"column":39}},"7":{"start":{"line":21,"column":0},"end":{"line":21,"column":37}}},"fnMap":{"0":{"name":"addExpenseToDom","decl":{"start":{"line":1,"column":9},"end":{"line":1,"column":24}},"loc":{"start":{"line":1,"column":60},"end":{"line":18,"column":3}},"line":1}},"branchMap":{},"s":{"0":1,"1":1,"2":1,"3":1,"4":1,"5":1,"6":1,"7":1},"f":{"0":1},"b":{},"_coverageSchema":"1a1c01bbd47fc00a2c39e90264f33305004495a9","hash":"b266ef26416108b073bef45188b1abe2f7aca8e2"}
,"C:\\Users\\Urban\\Desktop\\Jest\\modules\\budgetSet.js": {"path":"C:\\Users\\Urban\\Desktop\\Jest\\modules\\budgetSet.js","statementMap":{"0":{"start":{"line":8,"column":2},"end":{"line":8,"column":34}},"1":{"start":{"line":9,"column":2},"end":{"line":9,"column":33}},"2":{"start":{"line":10,"column":2},"end":{"line":10,"column":50}},"3":{"start":{"line":11,"column":2},"end":{"line":11,"column":45}},"4":{"start":{"line":12,"column":2},"end":{"line":12,"column":40}},"5":{"start":{"line":16,"column":0},"end":{"line":16,"column":38}}},"fnMap":{"0":{"name":"settingNewBudget","decl":{"start":{"line":1,"column":9},"end":{"line":1,"column":25}},"loc":{"start":{"line":7,"column":2},"end":{"line":13,"column":1}},"line":7}},"branchMap":{},"s":{"0":1,"1":1,"2":1,"3":1,"4":1,"5":1},"f":{"0":1},"b":{},"_coverageSchema":"1a1c01bbd47fc00a2c39e90264f33305004495a9","hash":"bee6c98ab70ecb64e2ea2ae354e7236b9525b865"}
,"C:\\Users\\Urban\\Desktop\\Jest\\modules\\idGenerator.js": {"path":"C:\\Users\\Urban\\Desktop\\Jest\\modules\\idGenerator.js","statementMap":{"0":{"start":{"line":2,"column":2},"end":{"line":2,"column":48}},"1":{"start":{"line":6,"column":0},"end":{"line":6,"column":33}}},"fnMap":{"0":{"name":"idGenerator","decl":{"start":{"line":1,"column":9},"end":{"line":1,"column":20}},"loc":{"start":{"line":1,"column":23},"end":{"line":3,"column":1}},"line":1}},"branchMap":{},"s":{"0":4,"1":1},"f":{"0":4},"b":{},"_coverageSchema":"1a1c01bbd47fc00a2c39e90264f33305004495a9","hash":"32d5e183aeab40218929c4cd33d0dc2291d2700f"}
,"C:\\Users\\Urban\\Desktop\\Jest\\modules\\resetBudget.js": {"path":"C:\\Users\\Urban\\Desktop\\Jest\\modules\\resetBudget.js","statementMap":{"0":{"start":{"line":2,"column":2},"end":{"line":2,"column":14}},"1":{"start":{"line":3,"column":2},"end":{"line":3,"column":50}},"2":{"start":{"line":7,"column":0},"end":{"line":7,"column":33}}},"fnMap":{"0":{"name":"resetBudget","decl":{"start":{"line":1,"column":9},"end":{"line":1,"column":20}},"loc":{"start":{"line":1,"column":40},"end":{"line":4,"column":1}},"line":1}},"branchMap":{},"s":{"0":1,"1":1,"2":1},"f":{"0":1},"b":{},"_coverageSchema":"1a1c01bbd47fc00a2c39e90264f33305004495a9","hash":"1aafa1c544ecc9dfc4e0bb0a6c8f64d524d4f7db"}
}
