{"C:\\Users\\Urban\\Documents\\Code source\\Jest\\modules\\addExpense.js": {"path":"C:\\Users\\Urban\\Documents\\Code source\\Jest\\modules\\addExpense.js","statementMap":{"0":{"start":{"line":1,"column":24},"end":{"line":1,"column":48}},"1":{"start":{"line":4,"column":2},"end":{"line":30,"column":3}},"2":{"start":{"line":9,"column":4},"end":{"line":9,"column":43}},"3":{"start":{"line":10,"column":9},"end":{"line":30,"column":3}},"4":{"start":{"line":11,"column":26},"end":{"line":11,"column":28}},"5":{"start":{"line":12,"column":20},"end":{"line":17,"column":5}},"6":{"start":{"line":18,"column":4},"end":{"line":18,"column":34}},"7":{"start":{"line":19,"column":4},"end":{"line":19,"column":77}},"8":{"start":{"line":21,"column":20},"end":{"line":26,"column":5}},"9":{"start":{"line":27,"column":23},"end":{"line":27,"column":74}},"10":{"start":{"line":28,"column":4},"end":{"line":28,"column":31}},"11":{"start":{"line":29,"column":4},"end":{"line":29,"column":74}},"12":{"start":{"line":34,"column":0},"end":{"line":34,"column":32}}},"fnMap":{"0":{"name":"addExpense","decl":{"start":{"line":3,"column":9},"end":{"line":3,"column":19}},"loc":{"start":{"line":3,"column":65},"end":{"line":31,"column":1}},"line":3}},"branchMap":{"0":{"loc":{"start":{"line":4,"column":2},"end":{"line":30,"column":3}},"type":"if","locations":[{"start":{"line":4,"column":2},"end":{"line":30,"column":3}},{"start":{"line":10,"column":9},"end":{"line":30,"column":3}}],"line":4},"1":{"loc":{"start":{"line":5,"column":4},"end":{"line":7,"column":30}},"type":"binary-expr","locations":[{"start":{"line":5,"column":4},"end":{"line":5,"column":28}},{"start":{"line":6,"column":4},"end":{"line":6,"column":35}},{"start":{"line":7,"column":4},"end":{"line":7,"column":30}}],"line":5},"2":{"loc":{"start":{"line":10,"column":9},"end":{"line":30,"column":3}},"type":"if","locations":[{"start":{"line":10,"column":9},"end":{"line":30,"column":3}},{"start":{"line":20,"column":9},"end":{"line":30,"column":3}}],"line":10}},"s":{"0":1,"1":2,"2":1,"3":1,"4":1,"5":1,"6":1,"7":1,"8":0,"9":0,"10":0,"11":0,"12":1},"f":{"0":2},"b":{"0":[1,1],"1":[2,1,1],"2":[1,0]},"_coverageSchema":"1a1c01bbd47fc00a2c39e90264f33305004495a9","hash":"8793223e0aba085f76f30795c287d4a6f8184022"}
,"C:\\Users\\Urban\\Documents\\Code source\\Jest\\modules\\addExpenseToDom.js": {"path":"C:\\Users\\Urban\\Documents\\Code source\\Jest\\modules\\addExpenseToDom.js","statementMap":{"0":{"start":{"line":1,"column":28},"end":{"line":1,"column":56}},"1":{"start":{"line":4,"column":2},"end":{"line":4,"column":28}},"2":{"start":{"line":5,"column":19},"end":{"line":5,"column":70}},"3":{"start":{"line":6,"column":2},"end":{"line":45,"column":3}},"4":{"start":{"line":6,"column":15},"end":{"line":6,"column":16}},"5":{"start":{"line":7,"column":21},"end":{"line":7,"column":49}},"6":{"start":{"line":8,"column":15},"end":{"line":8,"column":43}},"7":{"start":{"line":9,"column":24},"end":{"line":9,"column":40}},"8":{"start":{"line":11,"column":4},"end":{"line":11,"column":33}},"9":{"start":{"line":13,"column":20},"end":{"line":13,"column":48}},"10":{"start":{"line":14,"column":31},"end":{"line":14,"column":54}},"11":{"start":{"line":16,"column":4},"end":{"line":16,"column":45}},"12":{"start":{"line":18,"column":21},"end":{"line":18,"column":49}},"13":{"start":{"line":19,"column":24},"end":{"line":19,"column":40}},"14":{"start":{"line":21,"column":4},"end":{"line":21,"column":39}},"15":{"start":{"line":23,"column":4},"end":{"line":23,"column":43}},"16":{"start":{"line":25,"column":4},"end":{"line":25,"column":45}},"17":{"start":{"line":27,"column":4},"end":{"line":27,"column":44}},"18":{"start":{"line":29,"column":25},"end":{"line":29,"column":57}},"19":{"start":{"line":30,"column":4},"end":{"line":30,"column":35}},"20":{"start":{"line":31,"column":4},"end":{"line":31,"column":41}},"21":{"start":{"line":32,"column":4},"end":{"line":34,"column":7}},"22":{"start":{"line":33,"column":6},"end":{"line":33,"column":38}},"23":{"start":{"line":36,"column":4},"end":{"line":36,"column":39}},"24":{"start":{"line":38,"column":4},"end":{"line":38,"column":29}},"25":{"start":{"line":39,"column":4},"end":{"line":39,"column":34}},"26":{"start":{"line":40,"column":4},"end":{"line":40,"column":35}},"27":{"start":{"line":41,"column":4},"end":{"line":41,"column":34}},"28":{"start":{"line":42,"column":4},"end":{"line":42,"column":35}},"29":{"start":{"line":44,"column":4},"end":{"line":44,"column":37}},"30":{"start":{"line":48,"column":0},"end":{"line":48,"column":37}}},"fnMap":{"0":{"name":"addExpenseToDom","decl":{"start":{"line":3,"column":9},"end":{"line":3,"column":24}},"loc":{"start":{"line":3,"column":37},"end":{"line":46,"column":1}},"line":3},"1":{"name":"(anonymous_1)","decl":{"start":{"line":32,"column":43},"end":{"line":32,"column":44}},"loc":{"start":{"line":32,"column":49},"end":{"line":34,"column":5}},"line":32}},"branchMap":{},"s":{"0":1,"1":1,"2":1,"3":1,"4":1,"5":1,"6":1,"7":1,"8":1,"9":1,"10":1,"11":1,"12":1,"13":1,"14":1,"15":1,"16":1,"17":1,"18":1,"19":1,"20":1,"21":1,"22":0,"23":1,"24":1,"25":1,"26":1,"27":1,"28":1,"29":1,"30":1},"f":{"0":1,"1":0},"b":{},"_coverageSchema":"1a1c01bbd47fc00a2c39e90264f33305004495a9","hash":"fdd6ce822537f982f6fe9359cb92c5982337ba5c"}
,"C:\\Users\\Urban\\Documents\\Code source\\Jest\\modules\\budgetAdd.js": {"path":"C:\\Users\\Urban\\Documents\\Code source\\Jest\\modules\\budgetAdd.js","statementMap":{"0":{"start":{"line":2,"column":15},"end":{"line":2,"column":64}},"1":{"start":{"line":3,"column":2},"end":{"line":3,"column":31}},"2":{"start":{"line":4,"column":2},"end":{"line":4,"column":64}},"3":{"start":{"line":9,"column":0},"end":{"line":9,"column":31}}},"fnMap":{"0":{"name":"budgetAdd","decl":{"start":{"line":1,"column":9},"end":{"line":1,"column":18}},"loc":{"start":{"line":1,"column":31},"end":{"line":6,"column":1}},"line":1}},"branchMap":{},"s":{"0":1,"1":1,"2":1,"3":1},"f":{"0":1},"b":{},"_coverageSchema":"1a1c01bbd47fc00a2c39e90264f33305004495a9","hash":"2eebf5227698ca4d77d6e84b84935f0842a19396"}
,"C:\\Users\\Urban\\Documents\\Code source\\Jest\\modules\\budgetDelete.js": {"path":"C:\\Users\\Urban\\Documents\\Code source\\Jest\\modules\\budgetDelete.js","statementMap":{"0":{"start":{"line":2,"column":15},"end":{"line":2,"column":64}},"1":{"start":{"line":3,"column":2},"end":{"line":3,"column":32}},"2":{"start":{"line":4,"column":2},"end":{"line":4,"column":64}},"3":{"start":{"line":9,"column":0},"end":{"line":9,"column":34}}},"fnMap":{"0":{"name":"budgetDelete","decl":{"start":{"line":1,"column":9},"end":{"line":1,"column":21}},"loc":{"start":{"line":1,"column":35},"end":{"line":6,"column":1}},"line":1}},"branchMap":{},"s":{"0":1,"1":1,"2":1,"3":1},"f":{"0":1},"b":{},"_coverageSchema":"1a1c01bbd47fc00a2c39e90264f33305004495a9","hash":"07758c8391c96a1ab80529291c8ca8b65695b1cc"}
,"C:\\Users\\Urban\\Documents\\Code source\\Jest\\modules\\budgetSet.js": {"path":"C:\\Users\\Urban\\Documents\\Code source\\Jest\\modules\\budgetSet.js","statementMap":{"0":{"start":{"line":7,"column":16},"end":{"line":7,"column":65}},"1":{"start":{"line":8,"column":2},"end":{"line":8,"column":23}},"2":{"start":{"line":9,"column":2},"end":{"line":9,"column":33}},"3":{"start":{"line":10,"column":2},"end":{"line":10,"column":49}},"4":{"start":{"line":11,"column":2},"end":{"line":11,"column":50}},"5":{"start":{"line":12,"column":2},"end":{"line":12,"column":45}},"6":{"start":{"line":13,"column":2},"end":{"line":13,"column":40}},"7":{"start":{"line":17,"column":0},"end":{"line":17,"column":38}}},"fnMap":{"0":{"name":"settingNewBudget","decl":{"start":{"line":1,"column":9},"end":{"line":1,"column":25}},"loc":{"start":{"line":6,"column":2},"end":{"line":14,"column":1}},"line":6}},"branchMap":{},"s":{"0":1,"1":1,"2":1,"3":1,"4":1,"5":1,"6":1,"7":1},"f":{"0":1},"b":{},"_coverageSchema":"1a1c01bbd47fc00a2c39e90264f33305004495a9","hash":"52eed5467ccd71a5d2f6fde8408e454e31303d84"}
,"C:\\Users\\Urban\\Documents\\Code source\\Jest\\modules\\deletingExpense.js": {"path":"C:\\Users\\Urban\\Documents\\Code source\\Jest\\modules\\deletingExpense.js","statementMap":{"0":{"start":{"line":1,"column":22},"end":{"line":1,"column":44}},"1":{"start":{"line":2,"column":28},"end":{"line":2,"column":56}},"2":{"start":{"line":5,"column":26},"end":{"line":5,"column":77}},"3":{"start":{"line":7,"column":2},"end":{"line":9,"column":4}},"4":{"start":{"line":8,"column":21},"end":{"line":8,"column":50}},"5":{"start":{"line":11,"column":2},"end":{"line":13,"column":4}},"6":{"start":{"line":12,"column":21},"end":{"line":12,"column":50}},"7":{"start":{"line":17,"column":2},"end":{"line":17,"column":75}},"8":{"start":{"line":19,"column":21},"end":{"line":19,"column":58}},"9":{"start":{"line":25,"column":0},"end":{"line":25,"column":37}}},"fnMap":{"0":{"name":"deletingExpense","decl":{"start":{"line":4,"column":9},"end":{"line":4,"column":24}},"loc":{"start":{"line":4,"column":37},"end":{"line":22,"column":1}},"line":4},"1":{"name":"(anonymous_1)","decl":{"start":{"line":8,"column":4},"end":{"line":8,"column":5}},"loc":{"start":{"line":8,"column":21},"end":{"line":8,"column":50}},"line":8},"2":{"name":"(anonymous_2)","decl":{"start":{"line":12,"column":4},"end":{"line":12,"column":5}},"loc":{"start":{"line":12,"column":21},"end":{"line":12,"column":50}},"line":12}},"branchMap":{},"s":{"0":1,"1":1,"2":1,"3":1,"4":2,"5":1,"6":2,"7":1,"8":1,"9":1},"f":{"0":1,"1":2,"2":2},"b":{},"_coverageSchema":"1a1c01bbd47fc00a2c39e90264f33305004495a9","hash":"03c0d069fd6f780f4611f5a28c60cdcd2a0440a1"}
,"C:\\Users\\Urban\\Documents\\Code source\\Jest\\modules\\idGenerator.js": {"path":"C:\\Users\\Urban\\Documents\\Code source\\Jest\\modules\\idGenerator.js","statementMap":{"0":{"start":{"line":2,"column":2},"end":{"line":2,"column":48}},"1":{"start":{"line":6,"column":0},"end":{"line":6,"column":33}}},"fnMap":{"0":{"name":"idGenerator","decl":{"start":{"line":1,"column":9},"end":{"line":1,"column":20}},"loc":{"start":{"line":1,"column":23},"end":{"line":3,"column":1}},"line":1}},"branchMap":{},"s":{"0":3,"1":1},"f":{"0":3},"b":{},"_coverageSchema":"1a1c01bbd47fc00a2c39e90264f33305004495a9","hash":"1c2c022a68afedc56080fa1bcceecb855423e2f7"}
,"C:\\Users\\Urban\\Documents\\Code source\\Jest\\modules\\resetBudget.js": {"path":"C:\\Users\\Urban\\Documents\\Code source\\Jest\\modules\\resetBudget.js","statementMap":{"0":{"start":{"line":2,"column":2},"end":{"line":2,"column":43}},"1":{"start":{"line":3,"column":2},"end":{"line":3,"column":33}},"2":{"start":{"line":7,"column":0},"end":{"line":7,"column":33}}},"fnMap":{"0":{"name":"resetBudget","decl":{"start":{"line":1,"column":9},"end":{"line":1,"column":20}},"loc":{"start":{"line":1,"column":31},"end":{"line":4,"column":1}},"line":1}},"branchMap":{},"s":{"0":1,"1":1,"2":1},"f":{"0":1},"b":{},"_coverageSchema":"1a1c01bbd47fc00a2c39e90264f33305004495a9","hash":"ce25fc3a0345dda7b871e499a28ffc1ba6203180"}
}
