TN:
SF:modules\addExpense.js
FN:3,addExpense
FNF:1
FNH:1
FNDA:2,addExpense
DA:1,1
DA:4,2
DA:9,1
DA:10,1
DA:11,1
DA:12,1
DA:18,1
DA:19,1
DA:21,0
DA:27,0
DA:28,0
DA:29,0
DA:34,1
LF:13
LH:9
BRDA:4,0,0,1
BRDA:4,0,1,1
BRDA:5,1,0,2
BRDA:5,1,1,1
BRDA:5,1,2,1
BRDA:10,2,0,1
BRDA:10,2,1,0
BRF:7
BRH:6
end_of_record
TN:
SF:modules\addExpenseToDom.js
FN:3,addExpenseToDom
FN:32,(anonymous_1)
FNF:2
FNH:1
FNDA:1,addExpenseToDom
FNDA:0,(anonymous_1)
DA:1,1
DA:4,1
DA:5,1
DA:6,1
DA:7,1
DA:8,1
DA:9,1
DA:11,1
DA:13,1
DA:14,1
DA:16,1
DA:18,1
DA:19,1
DA:21,1
DA:23,1
DA:25,1
DA:27,1
DA:29,1
DA:30,1
DA:31,1
DA:32,1
DA:33,0
DA:36,1
DA:38,1
DA:39,1
DA:40,1
DA:41,1
DA:42,1
DA:44,1
DA:48,1
LF:30
LH:29
BRF:0
BRH:0
end_of_record
TN:
SF:modules\budgetAdd.js
FN:1,budgetAdd
FNF:1
FNH:1
FNDA:1,budgetAdd
DA:2,1
DA:3,1
DA:4,1
DA:9,1
LF:4
LH:4
BRF:0
BRH:0
end_of_record
TN:
SF:modules\budgetDelete.js
FN:1,budgetDelete
FNF:1
FNH:1
FNDA:1,budgetDelete
DA:2,1
DA:3,1
DA:4,1
DA:9,1
LF:4
LH:4
BRF:0
BRH:0
end_of_record
TN:
SF:modules\budgetSet.js
FN:1,settingNewBudget
FNF:1
FNH:1
FNDA:1,settingNewBudget
DA:7,1
DA:8,1
DA:9,1
DA:10,1
DA:11,1
DA:12,1
DA:13,1
DA:17,1
LF:8
LH:8
BRF:0
BRH:0
end_of_record
TN:
SF:modules\deletingExpense.js
FN:4,deletingExpense
FN:8,(anonymous_1)
FN:12,(anonymous_2)
FNF:3
FNH:3
FNDA:1,deletingExpense
FNDA:2,(anonymous_1)
FNDA:2,(anonymous_2)
DA:1,1
DA:2,1
DA:5,1
DA:7,1
DA:8,2
DA:11,1
DA:12,2
DA:17,1
DA:19,1
DA:25,1
LF:10
LH:10
BRF:0
BRH:0
end_of_record
TN:
SF:modules\idGenerator.js
FN:1,idGenerator
FNF:1
FNH:1
FNDA:3,idGenerator
DA:2,3
DA:6,1
LF:2
LH:2
BRF:0
BRH:0
end_of_record
TN:
SF:modules\resetBudget.js
FN:1,resetBudget
FNF:1
FNH:1
FNDA:1,resetBudget
DA:2,1
DA:3,1
DA:7,1
LF:3
LH:3
BRF:0
BRH:0
end_of_record
