TN:
SF:modules\addExpense.js
FN:8,addExpense
FNF:1
FNH:1
FNDA:3,addExpense
DA:5,1
DA:9,3
DA:15,1
DA:17,2
DA:24,2
DA:26,0
DA:27,0
DA:28,0
DA:33,1
LF:9
LH:6
BRDA:9,0,0,1
BRDA:9,0,1,2
BRDA:11,1,0,3
BRDA:11,1,1,2
BRDA:11,1,2,2
BRF:5
BRH:5
end_of_record
TN:
SF:modules\addExpenseToDom.js
FN:1,addExpenseToDom
FNF:1
FNH:1
FNDA:1,addExpenseToDom
DA:2,1
DA:3,1
DA:12,1
DA:13,1
DA:14,1
DA:17,1
DA:21,1
LF:7
LH:7
BRF:0
BRH:0
end_of_record
TN:
SF:modules\budgetSet.js
FN:1,settingNewBudget
FNF:1
FNH:1
FNDA:1,settingNewBudget
DA:8,1
DA:9,1
DA:10,1
DA:11,1
DA:12,1
DA:16,1
LF:6
LH:6
BRF:0
BRH:0
end_of_record
TN:
SF:modules\idGenerator.js
FN:1,idGenerator
FNF:1
FNH:1
FNDA:4,idGenerator
DA:2,4
DA:6,1
LF:2
LH:2
BRF:0
BRH:0
end_of_record
TN:
SF:modules\resetBudget.js
FN:1,resetBudget
FNF:1
FNH:1
FNDA:1,resetBudget
DA:2,1
DA:3,1
DA:7,1
LF:3
LH:3
BRF:0
BRH:0
end_of_record
